2021-11-17 03:57:29: Project Root: C:\Test\tina4-cms\vendor\tina4stack\tina4php\
2021-11-17 03:57:29: Document Root: C:\Test\tina4-cms\
2021-11-17 03:57:29: SubFolder: 
2021-11-17 03:57:29: Adding DBA
2021-11-17 03:57:29: Generating Auth keys - C:\Test\tina4-cms\secrets
2021-11-17 03:57:30: Adding DBA
2021-11-17 03:57:30: Adding DBA
2021-11-17 03:57:30: Adding DBA
2021-11-17 03:57:30: Adding DBA
2021-11-17 03:57:30: Adding DBA
2021-11-17 03:57:30: Adding DBA
2021-11-17 03:57:30: Adding DBA
2021-11-17 03:57:30: Adding DBA
2021-11-17 03:57:30: Adding DBA
2021-11-17 03:57:30: Adding DBA
2021-11-17 03:57:46: Adding DBA
2021-11-17 03:57:46: Project Root: C:\Test\tina4-cms\vendor\tina4stack\tina4php\
2021-11-17 03:57:46: Document Root: C:\Test\tina4-cms\
2021-11-17 03:57:46: SubFolder: 
2021-11-17 03:57:46: Adding DBA
2021-11-17 03:57:46: Adding DBA
2021-11-17 03:57:46: Adding DBA
2021-11-17 03:57:46: Adding DBA
2021-11-17 03:57:46: Adding DBA
2021-11-17 03:57:46: Adding DBA
2021-11-17 03:57:46: Adding DBA
2021-11-17 03:57:46: SQL:
select	*
from	snippet t

2021-11-17 03:57:46: Adding DBA
2021-11-17 03:57:46: SQL:
select	*
from	snippet t

2021-11-17 03:57:46: Adding DBA
2021-11-17 03:57:46: TINA4: Twig Paths - Array(    [0] => src/templates    [1] => src/public    [2] => src/assets    [3] => src/assets/components    [4] => src/templates/snippets    [5] => src/templates/dashboard    [6] => src/templates/public    [7] => src/templates/messenger    [8] => Array        (            [path] => C:\Test\tina4-cms\vendor\tina4stack\tina4cms\src\templates            [nameSpace] => tina4cms        ))
2021-11-17 03:57:46: Adding DBA
2021-11-17 03:57:51: Adding DBA
2021-11-17 03:57:51: Project Root: C:\Test\tina4-cms\vendor\tina4stack\tina4php\
2021-11-17 03:57:51: Document Root: C:\Test\tina4-cms\
2021-11-17 03:57:51: SubFolder: 
2021-11-17 03:57:51: Adding DBA
2021-11-17 03:57:51: Adding DBA
2021-11-17 03:57:51: Adding DBA
2021-11-17 03:57:51: Adding DBA
2021-11-17 03:57:51: Adding DBA
2021-11-17 03:57:51: Adding DBA
2021-11-17 03:57:51: Adding DBA
2021-11-17 03:57:51: SQL:
select	*
from	snippet t

2021-11-17 03:57:51: Adding DBA
2021-11-17 03:57:51: GET - /
2021-11-17 03:57:51: Adding DBA
2021-11-17 03:57:51: SQL:
select	*
from	snippet t

2021-11-17 03:57:51: Adding DBA
2021-11-17 03:57:51: TINA4: Twig Paths - Array(    [0] => src/templates    [1] => src/public    [2] => src/assets    [3] => src/assets/components    [4] => src/templates/snippets    [5] => src/templates/dashboard    [6] => src/templates/public    [7] => src/templates/messenger    [8] => Array        (            [path] => C:\Test\tina4-cms\vendor\tina4stack\tina4cms\src\templates            [nameSpace] => tina4cms        ))
2021-11-17 03:57:51: Looking in routes for GET - /
2021-11-17 03:57:51: Method match GET -> GET
2021-11-17 03:57:51: Matching // -> /cms/file-browser/
2021-11-17 03:57:51: Method match GET -> POST
2021-11-17 03:57:51: Method match GET -> GET
2021-11-17 03:57:51: Matching // -> /cms/login/
2021-11-17 03:57:51: Method match GET -> GET
2021-11-17 03:57:51: Matching // -> /cms/login/reset/
2021-11-17 03:57:51: Method match GET -> GET
2021-11-17 03:57:51: Matching // -> /cms/dashboard/
2021-11-17 03:57:51: Method match GET -> POST
2021-11-17 03:57:51: Method match GET -> GET
2021-11-17 03:57:51: Matching // -> /cms/logout/
2021-11-17 03:57:51: Method match GET -> GET
2021-11-17 03:57:51: Matching // -> /cms/article-categories/
2021-11-17 03:57:51: Method match GET -> GET
2021-11-17 03:57:51: Matching // -> /api/admin/article-categories/form/
2021-11-17 03:57:51: Method match GET -> POST
2021-11-17 03:57:51: Method match GET -> GET
2021-11-17 03:57:51: Matching // -> /api/admin/article-categories/
2021-11-17 03:57:51: Method match GET -> GET
2021-11-17 03:57:51: Matching // -> /api/admin/article-categories/{id}/
2021-11-17 03:57:51: Method match GET -> POST
2021-11-17 03:57:51: Method match GET -> DELETE
2021-11-17 03:57:51: Method match GET -> GET
2021-11-17 03:57:51: Matching // -> /cms/articles/
2021-11-17 03:57:51: Method match GET -> GET
2021-11-17 03:57:51: Matching // -> /api/admin/articles/form/
2021-11-17 03:57:51: Method match GET -> POST
2021-11-17 03:57:51: Method match GET -> GET
2021-11-17 03:57:51: Matching // -> /api/admin/articles/
2021-11-17 03:57:51: Method match GET -> GET
2021-11-17 03:57:51: Matching // -> /api/admin/articles/{id}/
2021-11-17 03:57:51: Method match GET -> POST
2021-11-17 03:57:51: Method match GET -> DELETE
2021-11-17 03:57:51: Method match GET -> GET
2021-11-17 03:57:51: Matching // -> //
2021-11-17 03:57:51: Matching // with //
2021-11-17 03:57:51: 
2021-11-17 03:57:51: Adding DBA
2021-11-17 03:57:51: Creating select * from page where slug = 'home' into cache
2021-11-17 03:57:51: file_put_contents(.\cache\templateed076287532e86365e841e92bfc50d8c.twig): Failed to open stream: No such file or directory
[C:\Test\tina4-cms\vendor\tina4stack\tina4php\Tina4\Functions.php:57]
2021-11-17 03:57:51: Adding DBA
2021-11-17 03:57:51: Creating select * from page where slug = 'home' into cache
2021-11-17 03:58:08: Adding DBA
2021-11-17 03:58:08: Project Root: C:\Test\tina4-cms\vendor\tina4stack\tina4php\
2021-11-17 03:58:08: Document Root: C:\Test\tina4-cms\
2021-11-17 03:58:08: SubFolder: 
2021-11-17 03:58:08: Adding DBA
2021-11-17 03:58:08: Adding DBA
2021-11-17 03:58:08: Adding DBA
2021-11-17 03:58:08: Adding DBA
2021-11-17 03:58:08: Adding DBA
2021-11-17 03:58:08: Adding DBA
2021-11-17 03:58:08: Adding DBA
2021-11-17 03:58:08: SQL:
select	*
from	snippet t

2021-11-17 03:58:08: Adding DBA
2021-11-17 03:58:08: GET - /
2021-11-17 03:58:08: Adding DBA
2021-11-17 03:58:08: SQL:
select	*
from	snippet t

2021-11-17 03:58:08: Adding DBA
2021-11-17 03:58:08: TINA4: Twig Paths - Array(    [0] => src/templates    [1] => src/public    [2] => src/assets    [3] => src/assets/components    [4] => src/templates/snippets    [5] => src/templates/dashboard    [6] => src/templates/public    [7] => src/templates/messenger    [8] => Array        (            [path] => C:\Test\tina4-cms\vendor\tina4stack\tina4cms\src\templates            [nameSpace] => tina4cms        ))
2021-11-17 03:58:08: Looking in routes for GET - /
2021-11-17 03:58:08: Method match GET -> GET
2021-11-17 03:58:08: Matching // -> /cms/file-browser/
2021-11-17 03:58:08: Method match GET -> POST
2021-11-17 03:58:08: Method match GET -> GET
2021-11-17 03:58:08: Matching // -> /cms/login/
2021-11-17 03:58:08: Method match GET -> GET
2021-11-17 03:58:08: Matching // -> /cms/login/reset/
2021-11-17 03:58:08: Method match GET -> GET
2021-11-17 03:58:08: Matching // -> /cms/dashboard/
2021-11-17 03:58:08: Method match GET -> POST
2021-11-17 03:58:08: Method match GET -> GET
2021-11-17 03:58:08: Matching // -> /cms/logout/
2021-11-17 03:58:08: Method match GET -> GET
2021-11-17 03:58:08: Matching // -> /cms/article-categories/
2021-11-17 03:58:08: Method match GET -> GET
2021-11-17 03:58:08: Matching // -> /api/admin/article-categories/form/
2021-11-17 03:58:08: Method match GET -> POST
2021-11-17 03:58:08: Method match GET -> GET
2021-11-17 03:58:08: Matching // -> /api/admin/article-categories/
2021-11-17 03:58:08: Method match GET -> GET
2021-11-17 03:58:08: Matching // -> /api/admin/article-categories/{id}/
2021-11-17 03:58:08: Method match GET -> POST
2021-11-17 03:58:08: Method match GET -> DELETE
2021-11-17 03:58:08: Method match GET -> GET
2021-11-17 03:58:08: Matching // -> /cms/articles/
2021-11-17 03:58:08: Method match GET -> GET
2021-11-17 03:58:08: Matching // -> /api/admin/articles/form/
2021-11-17 03:58:08: Method match GET -> POST
2021-11-17 03:58:08: Method match GET -> GET
2021-11-17 03:58:08: Matching // -> /api/admin/articles/
2021-11-17 03:58:08: Method match GET -> GET
2021-11-17 03:58:08: Matching // -> /api/admin/articles/{id}/
2021-11-17 03:58:08: Method match GET -> POST
2021-11-17 03:58:08: Method match GET -> DELETE
2021-11-17 03:58:08: Method match GET -> GET
2021-11-17 03:58:08: Matching // -> //
2021-11-17 03:58:08: Matching // with //
2021-11-17 03:58:08: 
2021-11-17 03:58:08: Adding DBA
2021-11-17 03:58:08: Creating select * from page where slug = 'home' into cache
2021-11-17 03:58:08: Adding DBA
2021-11-17 03:58:08: Creating select * from page where slug = 'home' into cache
2021-11-17 03:59:19: Adding DBA
2021-11-17 03:59:19: Project Root: C:\Test\tina4-cms\vendor\tina4stack\tina4php\
2021-11-17 03:59:19: Document Root: C:\Test\tina4-cms\
2021-11-17 03:59:19: SubFolder: 
2021-11-17 03:59:19: Adding DBA
2021-11-17 03:59:19: Adding DBA
2021-11-17 03:59:19: Adding DBA
2021-11-17 03:59:19: Adding DBA
2021-11-17 03:59:19: Adding DBA
2021-11-17 03:59:19: Adding DBA
2021-11-17 03:59:19: Adding DBA
2021-11-17 03:59:19: SQL:
select	*
from	snippet t

2021-11-17 03:59:19: Adding DBA
2021-11-17 03:59:19: GET - /cms/login
2021-11-17 03:59:19: Adding DBA
2021-11-17 03:59:19: SQL:
select	*
from	snippet t

2021-11-17 03:59:19: Adding DBA
2021-11-17 03:59:19: TINA4: Twig Paths - Array(    [0] => src/templates    [1] => src/public    [2] => src/assets    [3] => src/assets/components    [4] => src/templates/snippets    [5] => src/templates/dashboard    [6] => src/templates/public    [7] => src/templates/messenger    [8] => Array        (            [path] => C:\Test\tina4-cms\vendor\tina4stack\tina4cms\src\templates            [nameSpace] => tina4cms        ))
2021-11-17 03:59:19: Looking in routes for GET - /cms/login
2021-11-17 03:59:19: Method match GET -> GET
2021-11-17 03:59:19: Matching /cms/login/ -> /cms/file-browser/
2021-11-17 03:59:19: Method match GET -> POST
2021-11-17 03:59:19: Method match GET -> GET
2021-11-17 03:59:19: Matching /cms/login/ -> /cms/login/
2021-11-17 03:59:19: Matching /cms/login/ with /cms/login/
2021-11-17 03:59:19: 
2021-11-17 03:59:19: SQL:
select	count(id) as number
from	users t

2021-11-17 03:59:19: Adding DBA
2021-11-17 03:59:20: Adding DBA
2021-11-17 03:59:20: Project Root: C:\Test\tina4-cms\vendor\tina4stack\tina4php\
2021-11-17 03:59:20: Document Root: C:\Test\tina4-cms\
2021-11-17 03:59:20: SubFolder: 
2021-11-17 03:59:20: Adding DBA
2021-11-17 03:59:20: Adding DBA
2021-11-17 03:59:20: Adding DBA
2021-11-17 03:59:20: Adding DBA
2021-11-17 03:59:20: Adding DBA
2021-11-17 03:59:20: Adding DBA
2021-11-17 03:59:20: Adding DBA
2021-11-17 03:59:20: SQL:
select	*
from	snippet t

2021-11-17 03:59:20: Adding DBA
2021-11-17 03:59:20: GET - /src/public/images/logo.png
2021-11-17 03:59:20: GET - C:\Test\tina4-cms\src\public\images\logo.png
2021-11-17 03:59:40: Adding DBA
2021-11-17 03:59:40: Project Root: C:\Test\tina4-cms\vendor\tina4stack\tina4php\
2021-11-17 03:59:40: Document Root: C:\Test\tina4-cms\
2021-11-17 03:59:40: SubFolder: 
2021-11-17 03:59:40: Adding DBA
2021-11-17 03:59:40: Adding DBA
2021-11-17 03:59:40: Adding DBA
2021-11-17 03:59:40: Adding DBA
2021-11-17 03:59:40: Adding DBA
2021-11-17 03:59:40: Adding DBA
2021-11-17 03:59:40: Adding DBA
2021-11-17 03:59:40: SQL:
select	*
from	snippet t

2021-11-17 03:59:40: Adding DBA
2021-11-17 03:59:40: POST - /cms/login
2021-11-17 03:59:40: Adding DBA
2021-11-17 03:59:40: SQL:
select	*
from	snippet t

2021-11-17 03:59:40: Adding DBA
2021-11-17 03:59:40: TINA4: Twig Paths - Array(    [0] => src/templates    [1] => src/public    [2] => src/assets    [3] => src/assets/components    [4] => src/templates/snippets    [5] => src/templates/dashboard    [6] => src/templates/public    [7] => src/templates/messenger    [8] => Array        (            [path] => C:\Test\tina4-cms\vendor\tina4stack\tina4cms\src\templates            [nameSpace] => tina4cms        ))
2021-11-17 03:59:40: Looking in routes for POST - /cms/login
2021-11-17 03:59:40: Method match POST -> GET
2021-11-17 03:59:40: Method match POST -> POST
2021-11-17 03:59:40: Matching /cms/login/ -> /cms/upload/
2021-11-17 03:59:40: Method match POST -> GET
2021-11-17 03:59:40: Method match POST -> GET
2021-11-17 03:59:40: Method match POST -> GET
2021-11-17 03:59:40: Method match POST -> POST
2021-11-17 03:59:40: Matching /cms/login/ -> /cms/login/
2021-11-17 03:59:40: Matching /cms/login/ with /cms/login/
2021-11-17 03:59:40: firstName=Clayton&lastName=Klassen&email=claytonklassen17%40gmail.com&password=pASSword&confirmPassword=pASSword&formToken=eyJ0eXAiOiJKV1QiLCJhbGciOiJSUzI1NiJ9.eyJmb3JtTmFtZSI6InNldHVwIiwiZXhwaXJlcyI6MTYzNzEyMjE1OX0.fkWCnnhbPayqR3x95Q1zLefrnB7lI-15djcWCVosrVdkFbG6817jgiy-UtNFtrHhYB6XcSbCfGDH_jqNZkHfzJczjx1tcTQ9-cHYR-kFVjGmudGUjNzKPu_CAWFJP_JaCajl13R27erQvor_RfV8hqf4dWtBKhz0VIRMCfxs2Xo
2021-11-17 03:59:40: Validating token
2021-11-17 03:59:40: Getting token payload
2021-11-17 03:59:40: Creating select * from users where email = 'claytonklassen17@gmail.com' into cache
2021-11-17 03:59:40: TINA4: check select * from users where id is null
2021-11-17 03:59:40: SQL:
insert into users (first_Name,last_Name,email,password,is_Active,id)
values (:1,:2,:3,:4,:5,:6)
2021-11-17 03:59:40: Field Values:
Array
(
    [0] => Clayton
    [1] => Klassen
    [2] => claytonklassen17@gmail.com
    [3] => $2y$10$kVjUGJdl3LoLwn5PQUZTIO95S/e8in4RXjVuMgicyS/WCX3PLx86i
    [4] => 1
    [5] => 1
)

2021-11-17 03:59:40: Adding DBA
2021-11-17 03:59:40: Project Root: C:\Test\tina4-cms\vendor\tina4stack\tina4php\
2021-11-17 03:59:40: Document Root: C:\Test\tina4-cms\
2021-11-17 03:59:40: SubFolder: 
2021-11-17 03:59:40: Adding DBA
2021-11-17 03:59:40: Adding DBA
2021-11-17 03:59:40: Adding DBA
2021-11-17 03:59:40: Adding DBA
2021-11-17 03:59:40: Adding DBA
2021-11-17 03:59:40: Adding DBA
2021-11-17 03:59:40: Adding DBA
2021-11-17 03:59:40: SQL:
select	*
from	snippet t

2021-11-17 03:59:40: Adding DBA
2021-11-17 03:59:40: GET - /cms/dashboard
2021-11-17 03:59:40: Adding DBA
2021-11-17 03:59:40: SQL:
select	*
from	snippet t

2021-11-17 03:59:40: Adding DBA
2021-11-17 03:59:40: TINA4: Twig Paths - Array(    [0] => src/templates    [1] => src/public    [2] => src/assets    [3] => src/assets/components    [4] => src/templates/snippets    [5] => src/templates/dashboard    [6] => src/templates/public    [7] => src/templates/messenger    [8] => Array        (            [path] => C:\Test\tina4-cms\vendor\tina4stack\tina4cms\src\templates            [nameSpace] => tina4cms        ))
2021-11-17 03:59:40: Looking in routes for GET - /cms/dashboard
2021-11-17 03:59:40: Method match GET -> GET
2021-11-17 03:59:40: Matching /cms/dashboard/ -> /cms/file-browser/
2021-11-17 03:59:40: Method match GET -> POST
2021-11-17 03:59:40: Method match GET -> GET
2021-11-17 03:59:40: Matching /cms/dashboard/ -> /cms/login/
2021-11-17 03:59:40: Method match GET -> GET
2021-11-17 03:59:40: Matching /cms/dashboard/ -> /cms/login/reset/
2021-11-17 03:59:40: Method match GET -> GET
2021-11-17 03:59:40: Matching /cms/dashboard/ -> /cms/dashboard/
2021-11-17 03:59:40: Matching /cms/dashboard/ with /cms/dashboard/
2021-11-17 03:59:40: 
2021-11-17 03:59:40: Adding DBA
2021-11-17 03:59:40: Adding DBA
2021-11-17 03:59:40: Adding DBA
2021-11-17 03:59:40: Project Root: C:\Test\tina4-cms\vendor\tina4stack\tina4php\
2021-11-17 03:59:40: Document Root: C:\Test\tina4-cms\
2021-11-17 03:59:40: SubFolder: 
2021-11-17 03:59:40: Adding DBA
2021-11-17 03:59:40: Adding DBA
2021-11-17 03:59:40: Adding DBA
2021-11-17 03:59:40: Adding DBA
2021-11-17 03:59:40: Adding DBA
2021-11-17 03:59:40: Adding DBA
2021-11-17 03:59:40: Adding DBA
2021-11-17 03:59:40: SQL:
select	*
from	snippet t

2021-11-17 03:59:40: Adding DBA
2021-11-17 03:59:40: GET - /cms/login
2021-11-17 03:59:40: Adding DBA
2021-11-17 03:59:40: SQL:
select	*
from	snippet t

2021-11-17 03:59:40: Adding DBA
2021-11-17 03:59:40: TINA4: Twig Paths - Array(    [0] => src/templates    [1] => src/public    [2] => src/assets    [3] => src/assets/components    [4] => src/templates/snippets    [5] => src/templates/dashboard    [6] => src/templates/public    [7] => src/templates/messenger    [8] => Array        (            [path] => C:\Test\tina4-cms\vendor\tina4stack\tina4cms\src\templates            [nameSpace] => tina4cms        ))
2021-11-17 03:59:40: Looking in routes for GET - /cms/login
2021-11-17 03:59:40: Method match GET -> GET
2021-11-17 03:59:40: Matching /cms/login/ -> /cms/file-browser/
2021-11-17 03:59:40: Method match GET -> POST
2021-11-17 03:59:40: Method match GET -> GET
2021-11-17 03:59:40: Matching /cms/login/ -> /cms/login/
2021-11-17 03:59:40: Matching /cms/login/ with /cms/login/
2021-11-17 03:59:40: 
2021-11-17 03:59:40: SQL:
select	count(id) as number
from	users t

2021-11-17 03:59:40: Adding DBA
2021-11-17 04:00:55: Adding DBA
2021-11-17 04:00:55: Project Root: C:\Test\tina4-cms\vendor\tina4stack\tina4php\
2021-11-17 04:00:55: Document Root: C:\Test\tina4-cms\
2021-11-17 04:00:55: SubFolder: 
2021-11-17 04:00:55: Adding DBA
2021-11-17 04:00:55: Adding DBA
2021-11-17 04:00:55: Adding DBA
2021-11-17 04:00:55: Adding DBA
2021-11-17 04:00:55: Adding DBA
2021-11-17 04:00:55: Adding DBA
2021-11-17 04:00:55: Adding DBA
2021-11-17 04:00:55: SQL:
select	*
from	snippet t

2021-11-17 04:00:55: Adding DBA
2021-11-17 04:00:55: GET - /cms/login
2021-11-17 04:00:55: Adding DBA
2021-11-17 04:00:55: SQL:
select	*
from	snippet t

2021-11-17 04:00:55: Adding DBA
2021-11-17 04:00:55: TINA4: Twig Paths - Array(    [0] => src/templates    [1] => src/public    [2] => src/assets    [3] => src/assets/components    [4] => src/templates/snippets    [5] => src/templates/dashboard    [6] => src/templates/public    [7] => src/templates/messenger    [8] => Array        (            [path] => C:\Test\tina4-cms\vendor\tina4stack\tina4cms\src\templates            [nameSpace] => tina4cms        ))
2021-11-17 04:00:55: Looking in routes for GET - /cms/login
2021-11-17 04:00:55: Method match GET -> GET
2021-11-17 04:00:55: Matching /cms/login/ -> /cms/file-browser/
2021-11-17 04:00:55: Method match GET -> POST
2021-11-17 04:00:55: Method match GET -> GET
2021-11-17 04:00:55: Matching /cms/login/ -> /cms/login/
2021-11-17 04:00:55: Matching /cms/login/ with /cms/login/
2021-11-17 04:00:55: 
2021-11-17 04:00:55: SQL:
select	count(id) as number
from	users t

2021-11-17 04:00:55: Adding DBA
2021-11-17 04:02:41: Adding DBA
2021-11-17 04:02:41: Project Root: C:\Test\tina4-cms\vendor\tina4stack\tina4php\
2021-11-17 04:02:41: Document Root: C:\Test\tina4-cms\
2021-11-17 04:02:41: SubFolder: 
2021-11-17 04:02:41: Adding DBA
2021-11-17 04:02:41: Adding DBA
2021-11-17 04:02:41: Adding DBA
2021-11-17 04:02:41: Adding DBA
2021-11-17 04:02:41: Adding DBA
2021-11-17 04:02:41: Adding DBA
2021-11-17 04:02:41: Adding DBA
2021-11-17 04:02:41: SQL:
select	*
from	snippet t

2021-11-17 04:02:41: Adding DBA
2021-11-17 04:02:41: GET - /cms/login
2021-11-17 04:02:41: Adding DBA
2021-11-17 04:02:41: SQL:
select	*
from	snippet t

2021-11-17 04:02:41: Adding DBA
2021-11-17 04:02:41: TINA4: Twig Paths - Array(    [0] => src/templates    [1] => src/public    [2] => src/assets    [3] => src/assets/components    [4] => src/templates/snippets    [5] => src/templates/dashboard    [6] => src/templates/public    [7] => src/templates/messenger    [8] => Array        (            [path] => C:\Test\tina4-cms\vendor\tina4stack\tina4cms\src\templates            [nameSpace] => tina4cms        ))
2021-11-17 04:02:41: Looking in routes for GET - /cms/login
2021-11-17 04:02:41: Method match GET -> GET
2021-11-17 04:02:41: Matching /cms/login/ -> /cms/file-browser/
2021-11-17 04:02:41: Method match GET -> POST
2021-11-17 04:02:42: Method match GET -> GET
2021-11-17 04:02:42: Matching /cms/login/ -> /cms/login/
2021-11-17 04:02:42: Matching /cms/login/ with /cms/login/
2021-11-17 04:02:42: 
2021-11-17 04:02:42: SQL:
select	count(id) as number
from	users t

2021-11-17 04:02:42: Adding DBA
